--------------------------------------------------------------------------------
Release 14.7 Trace  (nt64)
Copyright (c) 1995-2013 Xilinx, Inc.  All rights reserved.

C:\Xilinx\14.7\ISE_DS\ISE\bin\nt64\unwrapped\trce.exe -intstyle ise -v 3 -s 2
-n 3 -fastpaths -xml RAM.twx RAM.ncd -o RAM.twr RAM.pcf

Design file:              RAM.ncd
Physical constraint file: RAM.pcf
Device,package,speed:     xc6slx9,ftg256,C,-2 (PRODUCTION 1.23 2013-10-13)
Report level:             verbose report

Environment Variable      Effect 
--------------------      ------ 
NONE                      No environment variables were set
--------------------------------------------------------------------------------

INFO:Timing:2698 - No timing constraints found, doing default enumeration.
INFO:Timing:3412 - To improve timing, see the Timing Closure User Guide (UG612).
INFO:Timing:2752 - To get complete path coverage, use the unconstrained paths 
   option. All paths that are not constrained will be reported in the 
   unconstrained paths section(s) of the report.
INFO:Timing:3339 - The clock-to-out numbers in this timing report are based on 
   a 50 Ohm transmission line loading model.  For the details of this model, 
   and for more information on accounting for different loading conditions, 
   please see the device datasheet.



Data Sheet report:
-----------------
All values displayed in nanoseconds (ns)

Setup/Hold to clock CLK
------------+------------+------------+------------+------------+------------------+--------+
            |Max Setup to|  Process   |Max Hold to |  Process   |                  | Clock  |
Source      | clk (edge) |   Corner   | clk (edge) |   Corner   |Internal Clock(s) | Phase  |
------------+------------+------------+------------+------------+------------------+--------+
ADDR<0>     |    2.595(R)|      SLOW  |   -0.157(R)|      SLOW  |CLK_BUFGP         |   0.000|
ADDR<1>     |    2.735(R)|      SLOW  |   -0.190(R)|      SLOW  |CLK_BUFGP         |   0.000|
ADDR<2>     |    2.187(R)|      SLOW  |    0.186(R)|      SLOW  |CLK_BUFGP         |   0.000|
ADDR<3>     |    1.924(R)|      SLOW  |    0.371(R)|      SLOW  |CLK_BUFGP         |   0.000|
ADDR<4>     |    2.195(R)|      SLOW  |    0.404(R)|      SLOW  |CLK_BUFGP         |   0.000|
ADDR<5>     |    1.718(R)|      SLOW  |    0.254(R)|      SLOW  |CLK_BUFGP         |   0.000|
DI<0>       |    1.918(R)|      SLOW  |   -0.448(R)|      FAST  |CLK_BUFGP         |   0.000|
DI<1>       |    1.756(R)|      SLOW  |   -0.085(R)|      SLOW  |CLK_BUFGP         |   0.000|
DI<2>       |    1.891(R)|      SLOW  |   -0.416(R)|      FAST  |CLK_BUFGP         |   0.000|
DI<3>       |    1.943(R)|      SLOW  |   -0.257(R)|      SLOW  |CLK_BUFGP         |   0.000|
DI<4>       |    1.880(R)|      SLOW  |   -0.162(R)|      SLOW  |CLK_BUFGP         |   0.000|
DI<5>       |    1.578(R)|      SLOW  |    0.102(R)|      SLOW  |CLK_BUFGP         |   0.000|
DI<6>       |    1.381(R)|      SLOW  |    0.059(R)|      SLOW  |CLK_BUFGP         |   0.000|
DI<7>       |    1.547(R)|      SLOW  |    0.121(R)|      SLOW  |CLK_BUFGP         |   0.000|
DI<8>       |    1.734(R)|      SLOW  |   -0.024(R)|      SLOW  |CLK_BUFGP         |   0.000|
DI<9>       |    1.349(R)|      SLOW  |    0.319(R)|      SLOW  |CLK_BUFGP         |   0.000|
DI<10>      |    1.144(R)|      SLOW  |    0.284(R)|      SLOW  |CLK_BUFGP         |   0.000|
DI<11>      |    1.443(R)|      SLOW  |    0.221(R)|      SLOW  |CLK_BUFGP         |   0.000|
DI<12>      |    1.295(R)|      SLOW  |    0.399(R)|      SLOW  |CLK_BUFGP         |   0.000|
DI<13>      |    1.279(R)|      SLOW  |    0.391(R)|      SLOW  |CLK_BUFGP         |   0.000|
DI<14>      |    1.284(R)|      SLOW  |    0.411(R)|      SLOW  |CLK_BUFGP         |   0.000|
DI<15>      |    1.121(R)|      SLOW  |    0.541(R)|      SLOW  |CLK_BUFGP         |   0.000|
EN          |    2.640(R)|      SLOW  |    0.291(R)|      SLOW  |CLK_BUFGP         |   0.000|
WE          |    3.381(R)|      SLOW  |   -0.898(R)|      FAST  |CLK_BUFGP         |   0.000|
------------+------------+------------+------------+------------+------------------+--------+

Clock CLK to Pad
------------+-----------------+------------+-----------------+------------+------------------+--------+
            |Max (slowest) clk|  Process   |Min (fastest) clk|  Process   |                  | Clock  |
Destination |  (edge) to PAD  |   Corner   |  (edge) to PAD  |   Corner   |Internal Clock(s) | Phase  |
------------+-----------------+------------+-----------------+------------+------------------+--------+
DO<0>       |         8.796(R)|      SLOW  |         3.575(R)|      FAST  |CLK_BUFGP         |   0.000|
DO<1>       |         8.796(R)|      SLOW  |         3.575(R)|      FAST  |CLK_BUFGP         |   0.000|
DO<2>       |         8.791(R)|      SLOW  |         3.570(R)|      FAST  |CLK_BUFGP         |   0.000|
DO<3>       |         9.021(R)|      SLOW  |         3.678(R)|      FAST  |CLK_BUFGP         |   0.000|
DO<4>       |         8.770(R)|      SLOW  |         3.539(R)|      FAST  |CLK_BUFGP         |   0.000|
DO<5>       |         9.078(R)|      SLOW  |         3.712(R)|      FAST  |CLK_BUFGP         |   0.000|
DO<6>       |         9.227(R)|      SLOW  |         3.797(R)|      FAST  |CLK_BUFGP         |   0.000|
DO<7>       |         9.492(R)|      SLOW  |         3.932(R)|      FAST  |CLK_BUFGP         |   0.000|
DO<8>       |         9.092(R)|      SLOW  |         3.733(R)|      FAST  |CLK_BUFGP         |   0.000|
DO<9>       |         9.537(R)|      SLOW  |         3.962(R)|      FAST  |CLK_BUFGP         |   0.000|
DO<10>      |         9.743(R)|      SLOW  |         4.076(R)|      FAST  |CLK_BUFGP         |   0.000|
DO<11>      |         9.779(R)|      SLOW  |         4.121(R)|      FAST  |CLK_BUFGP         |   0.000|
DO<12>      |         9.757(R)|      SLOW  |         4.081(R)|      FAST  |CLK_BUFGP         |   0.000|
DO<13>      |         9.982(R)|      SLOW  |         4.206(R)|      FAST  |CLK_BUFGP         |   0.000|
DO<14>      |         9.817(R)|      SLOW  |         4.127(R)|      FAST  |CLK_BUFGP         |   0.000|
DO<15>      |        10.058(R)|      SLOW  |         4.260(R)|      FAST  |CLK_BUFGP         |   0.000|
------------+-----------------+------------+-----------------+------------+------------------+--------+


Analysis completed Mon Feb 15 14:46:11 2016 
--------------------------------------------------------------------------------

Trace Settings:
-------------------------
Trace Settings 

Peak Memory Usage: 216 MB



